<?xml version="1.0" encoding="UTF-8"?>
<!-- Generated by org.testng.reporters.JUnitXMLReporter -->
<testsuite ignored="1" hostname="DESKTOP-DHP2JI6" failures="0" tests="1" name="Default test" time="6.624" errors="0" timestamp="٢٠٢١-١١-١٣T٢٢:١٨:٢٩ AST">
  <testcase classname="CourseCollection.addcourse" name="get_one_course" time="6.466"/>
  <testcase classname="CourseCollection.addcourse" name="addourse" time="0.0">
    <ignored/>
  </testcase> <!-- addourse -->
</testsuite> <!-- Default test -->
