<?xml version="1.0" encoding="UTF-8"?>
<testng-results ignored="0" total="1" passed="1" failed="0" skipped="0">
  <reporter-output>
  </reporter-output>
  <suite started-at="٢٠٢١-١١-١٣T٢٢:٣٥:٥٨ AST" name="Default suite" finished-at="٢٠٢١-١١-١٣T٢٢:٣٦:٠٦ AST" duration-ms="7972">
    <groups>
    </groups>
    <test started-at="٢٠٢١-١١-١٣T٢٢:٣٥:٥٨ AST" name="Default test" finished-at="٢٠٢١-١١-١٣T٢٢:٣٦:٠٦ AST" duration-ms="7972">
      <class name="CourseCollection.getallcourses">
        <test-method signature="get_all_courses()[pri:1, instance:CourseCollection.getallcourses@a3d8174]" started-at="٢٠٢١-١١-١٣T٢٢:٣٥:٥٨ AST" name="get_all_courses" finished-at="٢٠٢١-١١-١٣T٢٢:٣٦:٠٦ AST" duration-ms="7746" status="PASS">
          <reporter-output>
          </reporter-output>
        </test-method> <!-- get_all_courses -->
      </class> <!-- CourseCollection.getallcourses -->
    </test> <!-- Default test -->
  </suite> <!-- Default suite -->
</testng-results>
